2016-11-01 12:50:32 Error: [PDOException] SQLSTATE[42000] [1049] Unknown database 'puzzle_food_principal'
Stack Trace:
#0 /var/www/puzzle_food/puzzle_food_principal/vendor/cakephp/cakephp/src/Database/Driver/PDODriverTrait.php(48): PDO->__construct('mysql:host=loca...', 'root', 'irias', Array)
#1 /var/www/puzzle_food/puzzle_food_principal/vendor/cakephp/cakephp/src/Database/Driver/Mysql.php(104): Cake\Database\Driver\Mysql->_connect('mysql:host=loca...', Array)
#2 /var/www/puzzle_food/puzzle_food_principal/vendor/cakephp/cakephp/src/Database/Schema/BaseSchema.php(45): Cake\Database\Driver\Mysql->connect()
#3 /var/www/puzzle_food/puzzle_food_principal/vendor/cakephp/cakephp/src/Database/Dialect/MysqlDialectTrait.php(63): Cake\Database\Schema\BaseSchema->__construct(Object(Cake\Database\Driver\Mysql))
#4 /var/www/puzzle_food/puzzle_food_principal/vendor/cakephp/cakephp/src/Database/Schema/Collection.php(52): Cake\Database\Driver\Mysql->schemaDialect()
#5 /var/www/puzzle_food/puzzle_food_principal/vendor/cakephp/cakephp/src/Database/Schema/CachedCollection.php(42): Cake\Database\Schema\Collection->__construct(Object(Cake\Database\Connection))
#6 /var/www/puzzle_food/puzzle_food_principal/vendor/cakephp/cakephp/src/Database/Connection.php(322): Cake\Database\Schema\CachedCollection->__construct(Object(Cake\Database\Connection), true)
#7 /var/www/puzzle_food/puzzle_food_principal/vendor/cakephp/bake/src/Shell/Task/ModelTask.php(946): Cake\Database\Connection->schemaCollection()
#8 /var/www/puzzle_food/puzzle_food_principal/vendor/cakephp/bake/src/Shell/Task/ModelTask.php(898): Bake\Shell\Task\ModelTask->_getAllTables()
#9 /var/www/puzzle_food/puzzle_food_principal/vendor/cakephp/bake/src/Shell/Task/ModelTask.php(913): Bake\Shell\Task\ModelTask->listAll()
#10 /var/www/puzzle_food/puzzle_food_principal/vendor/cakephp/bake/src/Shell/BakeShell.php(234): Bake\Shell\Task\ModelTask->listUnskipped()
#11 [internal function]: Bake\Shell\BakeShell->all()
#12 /var/www/puzzle_food/puzzle_food_principal/vendor/cakephp/cakephp/src/Console/Shell.php(452): call_user_func_array(Array, Array)
#13 /var/www/puzzle_food/puzzle_food_principal/vendor/cakephp/cakephp/src/Console/ShellDispatcher.php(227): Cake\Console\Shell->runCommand(Array, true, Array)
#14 /var/www/puzzle_food/puzzle_food_principal/vendor/cakephp/cakephp/src/Console/ShellDispatcher.php(182): Cake\Console\ShellDispatcher->_dispatch(Array)
#15 /var/www/puzzle_food/puzzle_food_principal/vendor/cakephp/cakephp/src/Console/ShellDispatcher.php(128): Cake\Console\ShellDispatcher->dispatch(Array)
#16 /var/www/puzzle_food/puzzle_food_principal/bin/cake.php(34): Cake\Console\ShellDispatcher::run(Array)
#17 {main}


